<?xml version="1.0" encoding="UTF-8"?>
<!-- Generated by org.testng.reporters.JUnitReportReporter -->
<testsuite hostname="LAPTOP-IK8VGAHU" failures="0" tests="2" name="testPages.homePageTest" time="16.780" errors="0" timestamp="2022-12-02T13:27:07 IST" skipped="0">
  <testcase classname="testPages.homePageTest" name="verifying_HomePageTitle" time="9.446"/>
  <system-out/>
  <testcase classname="testPages.homePageTest" name="verifyDisplay" time="7.334"/>
  <system-out/>
</testsuite> <!-- testPages.homePageTest -->
