<?xml version="1.0" encoding="UTF-8"?>
<!-- Generated by org.testng.reporters.JUnitReportReporter -->
<testsuite hostname="LAPTOP-IK8VGAHU" failures="0" tests="2" name="testPages.homePageTest" time="9.150" errors="0" timestamp="2022-10-29T13:28:36 IST" skipped="0">
  <testcase classname="testPages.homePageTest" name="verifyDisplay" time="5.865"/>
  <system-out/>
  <testcase classname="testPages.homePageTest" name="verifying_HomePageTitle" time="3.285"/>
  <system-out/>
</testsuite> <!-- testPages.homePageTest -->
