<?xml version="1.0" encoding="UTF-8"?>
<!-- Generated by org.testng.reporters.JUnitReportReporter -->
<testsuite hostname="LAPTOP-IK8VGAHU" failures="0" tests="1" name="testPages.SecHomePageTest" time="7.932" errors="0" timestamp="2022-10-19T13:08:48 IST" skipped="0">
  <testcase classname="testPages.SecHomePageTest" name="clickLink" time="7.932"/>
  <system-out/>
</testsuite> <!-- testPages.SecHomePageTest -->
