<?xml version="1.0" encoding="UTF-8"?>
<!-- Generated by org.testng.reporters.JUnitReportReporter -->
<testsuite hostname="LAPTOP-IK8VGAHU" failures="0" tests="2" name="testPages.homePageTest" time="10.372" errors="0" timestamp="2022-10-27T15:29:13 IST" skipped="0">
  <testcase classname="testPages.homePageTest" name="verifying_HomePageTitle" time="6.872"/>
  <system-out/>
  <testcase classname="testPages.homePageTest" name="verifyDisplay" time="3.500"/>
  <system-out/>
</testsuite> <!-- testPages.homePageTest -->
