<?xml version="1.0" encoding="UTF-8"?>
<!-- Generated by org.testng.reporters.JUnitReportReporter -->
<testsuite hostname="LAPTOP-IK8VGAHU" failures="0" tests="1" name="Demo.loan.homeLoan" time="11.025" errors="0" timestamp="2022-10-21T16:21:10 IST" skipped="0">
  <testcase classname="Demo.loan.homeLoan" name="homeLoan1" time="11.025"/>
  <system-out/>
</testsuite> <!-- Demo.loan.homeLoan -->
