<?xml version="1.0" encoding="UTF-8"?>
<!-- Generated by org.testng.reporters.JUnitReportReporter -->
<testsuite hostname="LAPTOP-IK8VGAHU" failures="0" tests="1" name="Demo.loan.personalLoan" time="13.405" errors="0" timestamp="2022-10-21T16:21:10 IST" skipped="0">
  <testcase classname="Demo.loan.personalLoan" name="personalLoan1" time="13.405"/>
  <system-out/>
</testsuite> <!-- Demo.loan.personalLoan -->
