<?xml version="1.0" encoding="UTF-8"?>
<!-- Generated by org.testng.reporters.JUnitReportReporter -->
<testsuite hostname="LAPTOP-IK8VGAHU" failures="0" tests="1" name="Demo.logCodeTest" time="5.051" errors="0" timestamp="2022-11-02T16:09:19 IST" skipped="0">
  <testcase classname="Demo.logCodeTest" name="TestingTitle" time="5.051"/>
  <system-out/>
</testsuite> <!-- Demo.logCodeTest -->
