<?xml version="1.0" encoding="UTF-8"?>
<!-- Generated by org.testng.reporters.JUnitReportReporter -->
<testsuite hostname="LAPTOP-IK8VGAHU" failures="0" tests="2" name="testPages.homePageTest" time="19.545" errors="0" timestamp="2022-10-19T10:53:10 IST" skipped="0">
  <testcase classname="testPages.homePageTest" name="verifyDisplay" time="10.950"/>
  <system-out/>
  <testcase classname="testPages.homePageTest" name="verifying_HomePageTitle" time="8.595"/>
  <system-out/>
</testsuite> <!-- testPages.homePageTest -->
