<?xml version="1.0" encoding="UTF-8"?>
<!-- Generated by org.testng.reporters.JUnitReportReporter -->
<testsuite hostname="LAPTOP-IK8VGAHU" failures="0" tests="3" name="Demo.groupingPageTest" time="16.382" errors="0" timestamp="2022-10-29T14:58:49 IST" skipped="0">
  <testcase classname="Demo.groupingPageTest" name="homePageTest" time="7.862"/>
  <system-out/>
  <testcase classname="Demo.groupingPageTest" name="transactionsPageTest" time="4.248"/>
  <system-out/>
  <testcase classname="Demo.groupingPageTest" name="dependOnGroupTest1" time="4.272"/>
  <system-out/>
</testsuite> <!-- Demo.groupingPageTest -->
