<?xml version="1.0" encoding="UTF-8"?>
<!-- Generated by org.testng.reporters.JUnitReportReporter -->
<testsuite hostname="LAPTOP-IK8VGAHU" failures="0" tests="2" name="testPages.homePageTest" time="32.659" errors="0" timestamp="2022-11-09T13:26:33 IST" skipped="0">
  <testcase classname="testPages.homePageTest" name="verifying_HomePageTitle" time="15.005"/>
  <system-out/>
  <testcase classname="testPages.homePageTest" name="verifyDisplay" time="17.654"/>
  <system-out/>
</testsuite> <!-- testPages.homePageTest -->
