<?xml version="1.0" encoding="UTF-8"?>
<!-- Generated by org.testng.reporters.JUnitReportReporter -->
<testsuite hostname="LAPTOP-IK8VGAHU" failures="0" tests="2" name="testPages.homePageTest" time="12.354" errors="0" timestamp="2022-10-19T12:55:05 IST" skipped="0">
  <testcase classname="testPages.homePageTest" name="verifyDisplay" time="7.996"/>
  <system-out/>
  <testcase classname="testPages.homePageTest" name="verifying_HomePageTitle" time="4.358"/>
  <system-out/>
</testsuite> <!-- testPages.homePageTest -->
