<?xml version="1.0" encoding="UTF-8"?>
<!-- Generated by org.testng.reporters.JUnitReportReporter -->
<testsuite hostname="LAPTOP-IK8VGAHU" failures="0" tests="2" name="MetaGroupsDemo.basicGroupTest" time="8.717" errors="0" timestamp="2022-11-01T15:24:21 IST" skipped="0">
  <testcase classname="MetaGroupsDemo.basicGroupTest" name="electron" time="5.169"/>
  <system-out/>
  <testcase classname="MetaGroupsDemo.basicGroupTest" name="atom" time="3.548"/>
  <system-out/>
</testsuite> <!-- MetaGroupsDemo.basicGroupTest -->
