<?xml version="1.0" encoding="UTF-8"?>
<!-- Generated by org.testng.reporters.JUnitReportReporter -->
<testsuite hostname="LAPTOP-IK8VGAHU" failures="0" tests="3" name="Demo.disablingTestCasePageTest" time="7.804" errors="0" timestamp="2022-10-31T15:35:48 IST" skipped="1">
  <testcase classname="Demo.disablingTestCasePageTest" name="m1" time="2.493"/>
  <system-out/>
  <testcase classname="Demo.disablingTestCasePageTest" name="m3" time="5.311"/>
  <system-out/>
  <testcase classname="Demo.disablingTestCasePageTest" name="m2">
    <skipped/>
  </testcase> <!-- m2 -->
  <system-out/>
</testsuite> <!-- Demo.disablingTestCasePageTest -->
