<?xml version="1.0" encoding="UTF-8"?>
<!-- Generated by org.testng.reporters.JUnitReportReporter -->
<testsuite hostname="LAPTOP-IK8VGAHU" failures="0" tests="5" name="Demo.prioritization" time="35.835" errors="0" timestamp="2022-10-20T15:59:38 IST" skipped="0">
  <testcase classname="Demo.prioritization" name="OpenBrowser" time="7.686"/>
  <system-out/>
  <testcase classname="Demo.prioritization" name="b" time="5.630"/>
  <system-out/>
  <testcase classname="Demo.prioritization" name="a" time="5.669"/>
  <system-out/>
  <testcase classname="Demo.prioritization" name="c" time="8.236"/>
  <system-out/>
  <testcase classname="Demo.prioritization" name="CloseBrowser" time="8.614"/>
  <system-out/>
</testsuite> <!-- Demo.prioritization -->
