<?xml version="1.0" encoding="UTF-8"?>
<!-- Generated by org.testng.reporters.JUnitReportReporter -->
<testsuite hostname="LAPTOP-IK8VGAHU" failures="0" tests="1" name="testPages.ParameterizationPageTest" time="5.576" errors="0" timestamp="2022-10-28T14:55:45 IST" skipped="0">
  <testcase classname="testPages.ParameterizationPageTest" name="UserName" time="5.576"/>
  <system-out/>
</testsuite> <!-- testPages.ParameterizationPageTest -->
