<?xml version="1.0" encoding="UTF-8"?>
<!-- Generated by org.testng.reporters.JUnitReportReporter -->
<testsuite hostname="LAPTOP-IK8VGAHU" failures="0" tests="3" name="MetaGroupsDemo.groupingTestMethodsTest" time="13.629" errors="0" timestamp="2022-11-02T11:41:25 IST" skipped="0">
  <testcase classname="MetaGroupsDemo.groupingTestMethodsTest" name="mahindar" time="5.713"/>
  <system-out/>
  <testcase classname="MetaGroupsDemo.groupingTestMethodsTest" name="sedan" time="3.426"/>
  <system-out/>
  <testcase classname="MetaGroupsDemo.groupingTestMethodsTest" name="Bajaj" time="4.490"/>
  <system-out/>
</testsuite> <!-- MetaGroupsDemo.groupingTestMethodsTest -->
