<?xml version="1.0" encoding="UTF-8"?>
<!-- Generated by org.testng.reporters.JUnitReportReporter -->
<testsuite hostname="LAPTOP-IK8VGAHU" failures="0" tests="3" name="Demo.groupingPageTest" time="27.429" errors="0" timestamp="2022-10-31T10:33:29 IST" skipped="0">
  <testcase classname="Demo.groupingPageTest" name="homePageTest" time="4.537"/>
  <system-out/>
  <testcase classname="Demo.groupingPageTest" name="dependOnGroupTest1" time="16.447"/>
  <system-out/>
  <testcase classname="Demo.groupingPageTest" name="transactionsPageTest" time="6.445"/>
  <system-out/>
</testsuite> <!-- Demo.groupingPageTest -->
