<?xml version="1.0" encoding="UTF-8"?>
<!-- Generated by org.testng.reporters.JUnitReportReporter -->
<testsuite hostname="LAPTOP-IK8VGAHU" failures="0" tests="2" name="testPages.homePageTest" time="9.379" errors="0" timestamp="2022-11-02T16:48:19 IST" skipped="0">
  <testcase classname="testPages.homePageTest" name="verifyDisplay" time="3.757"/>
  <system-out/>
  <testcase classname="testPages.homePageTest" name="verifying_HomePageTitle" time="5.622"/>
  <system-out/>
</testsuite> <!-- testPages.homePageTest -->
