<?xml version="1.0" encoding="UTF-8"?>
<!-- Generated by org.testng.reporters.JUnitReportReporter -->
<testsuite hostname="LAPTOP-IK8VGAHU" failures="0" tests="1" name="apachePOIDemoTestPage.ApachePOITest" time="15.750" errors="0" timestamp="2022-11-16T13:51:34 IST" skipped="0">
  <testcase classname="apachePOIDemoTestPage.ApachePOITest" name="printAddress" time="15.750"/>
  <system-out/>
</testsuite> <!-- apachePOIDemoTestPage.ApachePOITest -->
